# JRE version: OpenJDK Runtime Environment Microsoft-9889599 (17.0.12+7) (build 17.0.12+7-LTS)
# Java VM: OpenJDK 64-Bit Server VM Microsoft-9889599 (17.0.12+7-LTS, mixed mode, sharing, tiered, compressed oops, compressed class ptrs, g1 gc, windows-amd64)
GC Precious Log:
 CPUs: 16 total, 16 available
 Memory: 15732M
 Large Page Support: Disabled
 NUMA Support: Disabled
 Compressed Oops: Enabled (32-bit)
 Heap Region Size: 1M
 Heap Min Capacity: 8M
 Heap Initial Capacity: 246M
 Heap Max Capacity: 2G
 Pre-touch: Disabled
 Parallel Workers: 13
 Concurrent Workers: 3
 Concurrent Refinement Workers: 13
 Periodic GC: Disabled
Heap:
 garbage-first heap   total 274432K, used 218271K [0x0000000080000000, 0x0000000100000000)
  region size 1024K, 15 young (15360K), 4 survivors (4096K)
 Metaspace       used 105228K, committed 106368K, reserved 557056K
  class space    used 14703K, committed 15232K, reserved 425984K
GC Heap History (20 events):
Event: 29.213 GC heap before
{Heap before GC invocations=74 (full 0):
 garbage-first heap   total 226304K, used 188081K [0x0000000080000000, 0x0000000100000000)
  region size 1024K, 25 young (25600K), 4 survivors (4096K)
 Metaspace       used 97606K, committed 98688K, reserved 557056K
  class space    used 13651K, committed 14144K, reserved 425984K
}
Event: 29.217 GC heap after
{Heap after GC invocations=75 (full 0):
 garbage-first heap   total 226304K, used 168779K [0x0000000080000000, 0x0000000100000000)
  region size 1024K, 4 young (4096K), 4 survivors (4096K)
 Metaspace       used 97606K, committed 98688K, reserved 557056K
  class space    used 13651K, committed 14144K, reserved 425984K
}
Event: 29.287 GC heap before
{Heap before GC invocations=75 (full 0):
 garbage-first heap   total 226304K, used 189259K [0x0000000080000000, 0x0000000100000000)
  region size 1024K, 25 young (25600K), 4 survivors (4096K)
 Metaspace       used 97606K, committed 98688K, reserved 557056K
  class space    used 13651K, committed 14144K, reserved 425984K
}
Event: 29.290 GC heap after
{Heap after GC invocations=76 (full 0):
 garbage-first heap   total 274432K, used 169385K [0x0000000080000000, 0x0000000100000000)
  region size 1024K, 4 young (4096K), 4 survivors (4096K)
 Metaspace       used 97606K, committed 98688K, reserved 557056K
  class space    used 13651K, committed 14144K, reserved 425984K
}
Event: 29.516 GC heap before
{Heap before GC invocations=76 (full 0):
 garbage-first heap   total 274432K, used 220585K [0x0000000080000000, 0x0000000100000000)
  region size 1024K, 55 young (56320K), 4 survivors (4096K)
 Metaspace       used 97606K, committed 98688K, reserved 557056K
  class space    used 13651K, committed 14144K, reserved 425984K
}
Event: 29.519 GC heap after
{Heap after GC invocations=77 (full 0):
 garbage-first heap   total 274432K, used 170136K [0x0000000080000000, 0x0000000100000000)
  region size 1024K, 4 young (4096K), 4 survivors (4096K)
 Metaspace       used 97606K, committed 98688K, reserved 557056K
  class space    used 13651K, committed 14144K, reserved 425984K
}
Event: 30.601 GC heap before
{Heap before GC invocations=77 (full 0):
 garbage-first heap   total 274432K, used 226456K [0x0000000080000000, 0x0000000100000000)
  region size 1024K, 57 young (58368K), 4 survivors (4096K)
 Metaspace       used 98375K, committed 99520K, reserved 557056K
  class space    used 13787K, committed 14336K, reserved 425984K
}
Event: 30.605 GC heap after
{Heap after GC invocations=78 (full 0):
 garbage-first heap   total 274432K, used 178334K [0x0000000080000000, 0x0000000100000000)
  region size 1024K, 8 young (8192K), 8 survivors (8192K)
 Metaspace       used 98375K, committed 99520K, reserved 557056K
  class space    used 13787K, committed 14336K, reserved 425984K
}
Event: 31.996 GC heap before
{Heap before GC invocations=78 (full 0):
 garbage-first heap   total 274432K, used 223390K [0x0000000080000000, 0x0000000100000000)
  region size 1024K, 53 young (54272K), 8 survivors (8192K)
 Metaspace       used 100926K, committed 102080K, reserved 557056K
  class space    used 14129K, committed 14656K, reserved 425984K
}
Event: 32.000 GC heap after
{Heap after GC invocations=79 (full 0):
 garbage-first heap   total 274432K, used 182375K [0x0000000080000000, 0x0000000100000000)
  region size 1024K, 4 young (4096K), 4 survivors (4096K)
 Metaspace       used 100926K, committed 102080K, reserved 557056K
  class space    used 14129K, committed 14656K, reserved 425984K
}
Event: 32.734 GC heap before
{Heap before GC invocations=79 (full 0):
 garbage-first heap   total 274432K, used 226407K [0x0000000080000000, 0x0000000100000000)
  region size 1024K, 48 young (49152K), 4 survivors (4096K)
 Metaspace       used 103141K, committed 104256K, reserved 557056K
  class space    used 14455K, committed 14976K, reserved 425984K
}
Event: 32.738 GC heap after
{Heap after GC invocations=80 (full 0):
 garbage-first heap   total 274432K, used 184703K [0x0000000080000000, 0x0000000100000000)
  region size 1024K, 3 young (3072K), 3 survivors (3072K)
 Metaspace       used 103141K, committed 104256K, reserved 557056K
  class space    used 14455K, committed 14976K, reserved 425984K
}
Event: 33.538 GC heap before
{Heap before GC invocations=80 (full 0):
 garbage-first heap   total 274432K, used 229759K [0x0000000080000000, 0x0000000100000000)
  region size 1024K, 47 young (48128K), 3 survivors (3072K)
 Metaspace       used 105007K, committed 106176K, reserved 557056K
  class space    used 14687K, committed 15232K, reserved 425984K
}
Event: 33.541 GC heap after
{Heap after GC invocations=81 (full 0):
 garbage-first heap   total 274432K, used 188747K [0x0000000080000000, 0x0000000100000000)
  region size 1024K, 6 young (6144K), 6 survivors (6144K)
 Metaspace       used 105007K, committed 106176K, reserved 557056K
  class space    used 14687K, committed 15232K, reserved 425984K
}
Event: 34.336 GC heap before
{Heap before GC invocations=81 (full 0):
 garbage-first heap   total 274432K, used 231755K [0x0000000080000000, 0x0000000100000000)
  region size 1024K, 48 young (49152K), 6 survivors (6144K)
 Metaspace       used 105110K, committed 106240K, reserved 557056K
  class space    used 14693K, committed 15232K, reserved 425984K
}
Event: 34.341 GC heap after
{Heap after GC invocations=82 (full 0):
 garbage-first heap   total 274432K, used 196382K [0x0000000080000000, 0x0000000100000000)
  region size 1024K, 6 young (6144K), 6 survivors (6144K)
 Metaspace       used 105110K, committed 106240K, reserved 557056K
  class space    used 14693K, committed 15232K, reserved 425984K
}
Event: 35.015 GC heap before
{Heap before GC invocations=82 (full 0):
 garbage-first heap   total 274432K, used 231198K [0x0000000080000000, 0x0000000100000000)
  region size 1024K, 40 young (40960K), 6 survivors (6144K)
 Metaspace       used 105214K, committed 106368K, reserved 557056K
  class space    used 14702K, committed 15232K, reserved 425984K
}
Event: 35.021 GC heap after
{Heap after GC invocations=83 (full 0):
 garbage-first heap   total 274432K, used 203541K [0x0000000080000000, 0x0000000100000000)
  region size 1024K, 5 young (5120K), 5 survivors (5120K)
 Metaspace       used 105214K, committed 106368K, reserved 557056K
  class space    used 14702K, committed 15232K, reserved 425984K
}
Event: 35.272 GC heap before
{Heap before GC invocations=83 (full 0):
 garbage-first heap   total 274432K, used 231189K [0x0000000080000000, 0x0000000100000000)
  region size 1024K, 33 young (33792K), 5 survivors (5120K)
 Metaspace       used 105219K, committed 106368K, reserved 557056K
  class space    used 14702K, committed 15232K, reserved 425984K
}
Event: 35.276 GC heap after
{Heap after GC invocations=84 (full 0):
 garbage-first heap   total 274432K, used 208177K [0x0000000080000000, 0x0000000100000000)
  region size 1024K, 5 young (5120K), 5 survivors (5120K)
 Metaspace       used 105219K, committed 106368K, reserved 557056K
  class space    used 14702K, committed 15232K, reserved 425984K
}

